0 info it worked if it ends with ok
1 verbose cli [ '/Users/yusuke/.nodebrew/node/v0.8.8/bin/node',
1 verbose cli   '/Users/yusuke/.nodebrew/current/bin/npm',
1 verbose cli   'test' ]
2 info using npm@1.1.59
3 info using node@v0.8.8
4 verbose read json /Users/yusuke/dev/esmangle/lib/pass/package.json
5 error Error: ENOENT, open '/Users/yusuke/dev/esmangle/lib/pass/package.json'
6 error If you need help, you may report this log at:
6 error     <http://github.com/isaacs/npm/issues>
6 error or email it to:
6 error     <npm-@googlegroups.com>
7 error System Darwin 12.1.0
8 error command "/Users/yusuke/.nodebrew/node/v0.8.8/bin/node" "/Users/yusuke/.nodebrew/current/bin/npm" "test"
9 error cwd /Users/yusuke/dev/esmangle/lib/pass
10 error node -v v0.8.8
11 error npm -v 1.1.59
12 error path /Users/yusuke/dev/esmangle/lib/pass/package.json
13 error code ENOENT
14 error errno 34
15 verbose exit [ 34, true ]
